warning: LF will be replaced by CRLF in .idea/compiler.xml.
The file will have its original line endings in your working directory.
warning: LF will be replaced by CRLF in .idea/misc.xml.
The file will have its original line endings in your working directory.
warning: LF will be replaced by CRLF in .idea/modules.xml.
The file will have its original line endings in your working directory.
warning: LF will be replaced by CRLF in my-app.iml.
The file will have its original line endings in your working directory.
warning: LF will be replaced by CRLF in target/surefire-reports/TEST-com.FirstTask.app.MvcTest.xml.
The file will have its original line endings in your working directory.
warning: LF will be replaced by CRLF in target/surefire-reports/com.FirstTask.app.MvcTest.txt.
The file will have its original line endings in your working directory.
[1mdiff --git a/.idea/compiler.xml b/.idea/compiler.xml[m
[1mindex ed0c35f..a033eac 100644[m
[1m--- a/.idea/compiler.xml[m
[1m+++ b/.idea/compiler.xml[m
[36m@@ -10,7 +10,7 @@[m
       </profile>[m
     </annotationProcessing>[m
     <bytecodeTargetLevel>[m
[31m-      <module name="my-app" target="1.5" />[m
[32m+[m[32m      <module name="my-app" target="1.8" />[m
     </bytecodeTargetLevel>[m
   </component>[m
 </project>[m
\ No newline at end of file[m
[1mdiff --git a/.idea/misc.xml b/.idea/misc.xml[m
[1mindex 2e1a569..590a53b 100644[m
[1m--- a/.idea/misc.xml[m
[1m+++ b/.idea/misc.xml[m
[36m@@ -45,23 +45,7 @@[m
       </list>[m
     </option>[m
   </component>[m
[31m-  <component name="ProjectRootManager" version="2" languageLevel="JDK_1_8" project-jdk-name="1.8" project-jdk-type="JavaSDK">[m
[32m+[m[32m  <component name="ProjectRootManager" version="2" languageLevel="JDK_1_8" default="true" project-jdk-name="1.8" project-jdk-type="JavaSDK">[m
     <output url="file://$PROJECT_DIR$/out" />[m
   </component>[m
[31m-  <component name="masterDetails">[m
[31m-    <states>[m
[31m-      <state key="ProjectJDKs.UI">[m
[31m-        <settings>[m
[31m-          <last-edited>1.8</last-edited>[m
[31m-          <splitter-proportions>[m
[31m-            <option name="proportions">[m
[31m-              <list>[m
[31m-                <option value="0.2" />[m
[31m-              </list>[m
[31m-            </option>[m
[31m-          </splitter-proportions>[m
[31m-        </settings>[m
[31m-      </state>[m
[31m-    </states>[m
[31m-  </component>[m
 </project>[m
\ No newline at end of file[m
[1mdiff --git a/.idea/modules.xml b/.idea/modules.xml[m
[1mindex 98ee135..a8cfcc2 100644[m
[1m--- a/.idea/modules.xml[m
[1m+++ b/.idea/modules.xml[m
[36m@@ -2,9 +2,7 @@[m
 <project version="4">[m
   <component name="ProjectModuleManager">[m
     <modules>[m
[31m-      <module fileurl="file://$PROJECT_DIR$/src/main/main.iml" filepath="$PROJECT_DIR$/src/main/main.iml" />[m
       <module fileurl="file://$PROJECT_DIR$/my-app.iml" filepath="$PROJECT_DIR$/my-app.iml" />[m
[31m-      <module fileurl="file://$PROJECT_DIR$/src/test/test.iml" filepath="$PROJECT_DIR$/src/test/test.iml" />[m
     </modules>[m
   </component>[m
 </project>[m
\ No newline at end of file[m
[1mdiff --git a/my-app.iml b/my-app.iml[m
[1mindex 0c15239..955aad0 100644[m
[1m--- a/my-app.iml[m
[1m+++ b/my-app.iml[m
[36m@@ -1,6 +1,6 @@[m
 <?xml version="1.0" encoding="UTF-8"?>[m
 <module org.jetbrains.idea.maven.project.MavenProjectsManager.isMavenModule="true" type="JAVA_MODULE" version="4">[m
[31m-  <component name="NewModuleRootManager" LANGUAGE_LEVEL="JDK_1_5">[m
[32m+[m[32m  <component name="NewModuleRootManager">[m
     <output url="file://$MODULE_DIR$/target/classes" />[m
     <output-test url="file://$MODULE_DIR$/target/test-classes" />[m
     <content url="file://$MODULE_DIR$">[m
[36m@@ -8,7 +8,7 @@[m
       <sourceFolder url="file://$MODULE_DIR$/src/test/java" isTestSource="true" />[m
       <excludeFolder url="file://$MODULE_DIR$/target" />[m
     </content>[m
[31m-    <orderEntry type="inheritedJdk" />[m
[32m+[m[32m    <orderEntry type="jdk" jdkName="1.8" jdkType="JavaSDK" />[m
     <orderEntry type="sourceFolder" forTests="false" />[m
     <orderEntry type="library" scope="TEST" name="Maven: junit:junit:4.12" level="project" />[m
     <orderEntry type="library" scope="TEST" name="Maven: org.hamcrest:hamcrest-core:1.3" level="project" />[m
[1mdiff --git a/src/test/java/com/FirstTask/app/MvcTest.java b/src/test/java/com/FirstTask/app/MvcTest.java[m
[1mindex c73cbbf..9cd48c2 100644[m
[1m--- a/src/test/java/com/FirstTask/app/MvcTest.java[m
[1m+++ b/src/test/java/com/FirstTask/app/MvcTest.java[m
[36m@@ -7,7 +7,7 @@[m [mimport static com.codeborne.selenide.Condition.*;[m
 import static com.codeborne.selenide.CollectionCondition.*;[m
 [m
 /**[m
[31m- * Created by Laptop on 27.06.2017.[m
[32m+[m[32m * Some experiments with CSS selectors;[m
  */[m
 public class MvcTest {[m
 [m
[36m@@ -17,8 +17,8 @@[m [mpublic class MvcTest {[m
         $("#new-todo").shouldBe(visible).setValue("a").pressEnter();[m
         $("#new-todo").setValue("b").pressEnter();[m
         $("#new-todo").setValue("c").pressEnter();[m
[31m-[m
         $$("#todo-list>li").shouldHave(exactTexts("a","b","c"));[m
[32m+[m
         $("#todo-list>li:nth-child(2)>div>.toggle").click();[m
         $("#todo-list>li:nth-child(2)").shouldHave(cssClass("completed"));[m
         $("#todo-list>li:nth-child(1):not(.completed)");[m
[1mdiff --git a/src/test/java/com/FirstTask/app/MvcTest1.java b/src/test/java/com/FirstTask/app/MvcTest1.java[m
[1mindex 0030482..ac6a17a 100644[m
[1m--- a/src/test/java/com/FirstTask/app/MvcTest1.java[m
[1m+++ b/src/test/java/com/FirstTask/app/MvcTest1.java[m
[36m@@ -7,7 +7,7 @@[m [mimport static com.codeborne.selenide.Condition.*;[m
 import static com.codeborne.selenide.CollectionCondition.*;[m
 [m
 /**[m
[31m- * Created by Laptop on 27.06.2017.[m
[32m+[m[32m * Some experiments with Xpath selectors;[m
  */[m
 public class MvcTest1 {[m
 [m
[36m@@ -17,15 +17,14 @@[m [mpublic class MvcTest1 {[m
         $x("//*[@id='new-todo']").shouldBe(visible).setValue("a").pressEnter();[m
         $x("//*[@id='new-todo']").setValue("b").pressEnter();[m
         $x("//*[@id='new-todo']").setValue("c").pressEnter();[m
[31m-[m
[31m-        $x("//*//label[text()='v']");[m
[32m+[m[32m        $x("//*//label[text()='a']");[m
         $x("//*//label[text()[contains (.,'b')]]");[m
         $x("//div[@id='ember225']//section[@id='main']/ul/li//label[text()[contains(.,'c')]]");[m
 [m
         $x("//*//label[text()='b']/../input[@class='toggle']").click();[m
         $x("//*[@id='todo-list']/li[contains (@class, 'completed')]").shouldHave(exactText("b"));[m
[31m-        $x("//*//li[@class=\"ember-view\"]//label[text()[contains (.,\"a\")]]/../input[@class=\"toggle\"]");[m
[31m-        $x("//*//li[@class=\"ember-view\"]//label[text()[contains (.,\"c\")]]/../input[@class=\"toggle\"]");[m
[32m+[m[32m        $x("//*//label[text()[contains (.,'a')]]").shouldNotHave(cssClass("completed"));[m
[32m+[m[32m        $x("//*//label[text()[contains (.,'c')]]/../input[not(contains (@class, 'completed'))]");[m
 [m
 [m
 [m
[1mdiff --git a/target/classes/com/FirstTask/app/App.class b/target/classes/com/FirstTask/app/App.class[m
[1mindex 9277c24..53b5464 100644[m
Binary files a/target/classes/com/FirstTask/app/App.class and b/target/classes/com/FirstTask/app/App.class differ
[1mdiff --git a/target/surefire-reports/TEST-com.FirstTask.app.MvcTest.xml b/target/surefire-reports/TEST-com.FirstTask.app.MvcTest.xml[m
[1mindex 0066a61..f30ca20 100644[m
[1m--- a/target/surefire-reports/TEST-com.FirstTask.app.MvcTest.xml[m
[1m+++ b/target/surefire-reports/TEST-com.FirstTask.app.MvcTest.xml[m
[36m@@ -1,5 +1,5 @@[m
 <?xml version="1.0" encoding="UTF-8" ?>[m
[31m-<testsuite tests="1" failures="0" name="com.FirstTask.app.MvcTest" time="0.335" errors="1" skipped="0">[m
[32m+[m[32m<testsuite tests="1" failures="0" name="com.FirstTask.app.MvcTest" time="12.327" errors="0" skipped="0">[m
   <properties>[m
     <property name="java.runtime.name" value="Java(TM) SE Runtime Environment"/>[m
     <property name="sun.boot.library.path" value="C:\Program Files\Java\jdk1.8.0_131\jre\bin"/>[m
[36m@@ -29,7 +29,7 @@[m
     <property name="os.name" value="Windows 10"/>[m
     <property name="classworlds.conf" value="C:\Program Files\Java\maven 3.5.0\bin\..\bin\m2.conf"/>[m
     <property name="sun.jnu.encoding" value="Cp1252"/>[m
[31m-    <property name="java.library.path" value="C:\Program Files\Java\jdk1.8.0_131\bin;C:\Windows\Sun\Java\bin;C:\Windows\system32;C:\Windows;C:\Program Files\Java\jdk1.8.0_131\bin;C:\Windows\system32;C:\Windows;C:\Windows\System32\Wbem;C:\Windows\System32\WindowsPowerShell\v1.0\;C:\Program Files\Git\cmd;C:\Program Files\Java\maven 3.5.0\bin;C:\ProgramData\Oracle\Java\javapath;C:\Users\Eugene\AppData\Local\Microsoft\WindowsApps;;."/>[m
[32m+[m[32m    <property name="java.library.path" value="C:\Program Files\Java\jdk1.8.0_131\bin;C:\Windows\Sun\Java\bin;C:\Windows\system32;C:\Windows;C:\Program Files\Java\jdk1.8.0_131\bin;C:\Windows\system32;C:\Windows;C:\Windows\System32\Wbem;C:\Windows\System32\WindowsPowerShell\v1.0\;C:\Program Files\Git\cmd;C:\Program Files\Java\maven 3.5.0\bin;C:\ProgramData\Oracle\Java\javapath;C:\Program Files\chromedriver_win32;C:\Users\Eugene\AppData\Local\Microsoft\WindowsApps;;."/>[m
     <property name="maven.conf" value="C:\Program Files\Java\maven 3.5.0\bin\../conf"/>[m
     <property name="java.specification.name" value="Java Platform API Specification"/>[m
     <property name="java.class.version" value="52.0"/>[m
[36m@@ -37,7 +37,7 @@[m
     <property name="os.version" value="10.0"/>[m
     <property name="library.jansi.path" value="C:\Program Files\Java\maven 3.5.0\bin\..\lib\jansi-native\windows64"/>[m
     <property name="user.home" value="C:\Users\Eugene"/>[m
[31m-    <property name="user.timezone" value="America/Los_Angeles"/>[m
[32m+[m[32m    <property name="user.timezone" value="Europe/Helsinki"/>[m
     <property name="java.awt.printerjob" value="sun.awt.windows.WPrinterJob"/>[m
     <property name="java.specification.version" value="1.8"/>[m
     <property name="file.encoding" value="Cp1252"/>[m
[36m@@ -46,7 +46,7 @@[m
     <property name="java.vm.specification.version" value="1.8"/>[m
     <property name="sun.arch.data.model" value="64"/>[m
     <property name="java.home" value="C:\Program Files\Java\jdk1.8.0_131\jre"/>[m
[31m-    <property name="sun.java.command" value="org.codehaus.plexus.classworlds.launcher.Launcher test"/>[m
[32m+[m[32m    <property name="sun.java.command" value="org.codehaus.plexus.classworlds.launcher.Launcher install"/>[m
     <property name="java.specification.vendor" value="Oracle Corporation"/>[m
     <property name="user.language" value="en"/>[m
     <property name="awt.toolkit" value="sun.awt.windows.WToolkit"/>[m
[36m@@ -65,65 +65,5 @@[m
     <property name="sun.desktop" value="windows"/>[m
     <property name="sun.cpu.isalist" value="amd64"/>[m
   </properties>[m
[31m-  <testcase classname="com.FirstTask.app.MvcTest" name="ToggleTest" time="0.335">[m
[31m-    <error message="Cannot find firefox binary in PATH. Make sure firefox is installed. OS appears to be: WIN10[m
[31m-Build info: version: &apos;3.4.0&apos;, revision: &apos;unknown&apos;, time: &apos;unknown&apos;[m
[31m-System info: host: &apos;DESKTOP-OOV79ER&apos;, ip: &apos;192.168.0.101&apos;, os.name: &apos;Windows 10&apos;, os.arch: &apos;amd64&apos;, os.version: &apos;10.0&apos;, java.version: &apos;1.8.0_131&apos;[m
[31m-Driver info: driver.version: FirefoxDriver[m
[31m-selenide.url: http://todomvc.com/examples/emberjs/[m
[31m-selenide.baseUrl: http://localhost:8080" type="org.openqa.selenium.WebDriverException">org.openqa.selenium.WebDriverException: Cannot find firefox binary in PATH. Make sure firefox is installed. OS appears to be: WIN10[m
[31m-Build info: version: &apos;3.4.0&apos;, revision: &apos;unknown&apos;, time: &apos;unknown&apos;[m
[31m-System info: host: &apos;DESKTOP-OOV79ER&apos;, ip: &apos;192.168.0.101&apos;, os.name: &apos;Windows 10&apos;, os.arch: &apos;amd64&apos;, os.version: &apos;10.0&apos;, java.version: &apos;1.8.0_131&apos;[m
[31m-Driver info: driver.version: FirefoxDriver[m
[31m-selenide.url: http://todomvc.com/examples/emberjs/[m
[31m-selenide.baseUrl: http://localhost:8080[m
[31m-	at org.openqa.selenium.firefox.FirefoxBinary.&lt;init&gt;(FirefoxBinary.java:115)[m
[31m-	at java.util.Optional.orElseGet(Optional.java:267)[m
[31m-	at org.openqa.selenium.firefox.FirefoxDriver.toExecutor(FirefoxDriver.java:200)[m
[31m-	at org.openqa.selenium.firefox.FirefoxDriver.&lt;init&gt;(FirefoxDriver.java:108)[m
[31m-	at org.openqa.selenium.firefox.FirefoxDriver.&lt;init&gt;(FirefoxDriver.java:137)[m
[31m-	at com.codeborne.selenide.webdriver.WebDriverFactory.createFirefoxDriver(WebDriverFactory.java:191)[m
[31m-	at com.codeborne.selenide.webdriver.WebDriverFactory.createWebDriver(WebDriverFactory.java:50)[m
[31m-	at com.codeborne.selenide.impl.WebDriverThreadLocalContainer.createDriver(WebDriverThreadLocalContainer.java:242)[m
[31m-	at com.codeborne.selenide.impl.WebDriverThreadLocalContainer.getAndCheckWebDriver(WebDriverThreadLocalContainer.java:113)[m
[31m-	at com.codeborne.selenide.WebDriverRunner.getAndCheckWebDriver(WebDriverRunner.java:136)[m
[31m-	at com.codeborne.selenide.impl.Navigator.navigateToAbsoluteUrl(Navigator.java:69)[m
[31m-	at com.codeborne.selenide.impl.Navigator.open(Navigator.java:32)[m
[31m-	at com.codeborne.selenide.Selenide.open(Selenide.java:79)[m
[31m-	at com.codeborne.selenide.Selenide.open(Selenide.java:53)[m
[31m-	at com.FirstTask.app.MvcTest.ToggleTest(MvcTest.java:16)[m
[31m-	at sun.reflect.NativeMethodAccessorImpl.invoke0(Native Method)[m
[31m-	at sun.reflect.NativeMethodAccessorImpl.invoke(NativeMethodAccessorImpl.java:62)[m
[31m-	at sun.reflect.DelegatingMethodAccessorImpl.invoke(DelegatingMethodAccessorImpl.java:43)[m
[31m-	at java.lang.reflect.Method.invoke(Method.java:498)[m
[31m-	at org.junit.runners.model.FrameworkMethod$1.runReflectiveCall(FrameworkMethod.java:50)[m
[31m-	at org.junit.internal.runners.model.ReflectiveCallable.run(ReflectiveCallable.java:12)[m
[31m-	at org.junit.runners.model.FrameworkMethod.invokeExplosively(FrameworkMethod.java:47)[m
[31m-	at org.junit.internal.runners.statements.InvokeMethod.evaluate(InvokeMethod.java:17)[m
[31m-	at org.junit.runners.ParentRunner.runLeaf(ParentRunner.java:325)[m
[31m-	at org.junit.runners.BlockJUnit4ClassRunner.runChild(BlockJUnit4ClassRunner.java:78)[m
[31m-	at org.junit.runners.BlockJUnit4ClassRunner.runChild(BlockJUnit4ClassRunner.java:57)[m
[31m-	at org.junit.runners.ParentRunner$3.run(ParentRunner.java:290)[m
[31m-	at org.junit.runners.ParentRunner$1.schedule(ParentRunner.java:71)[m
[31m-	at org.junit.runners.ParentRunner.runChildren(ParentRunner.java:288)[m
[31m-	at org.junit.runners.ParentRunner.access$000(ParentRunner.java:58)[m
[31m-	at org.junit.runners.ParentRunner$2.evaluate(ParentRunner.java:268)[m
[31m-	at org.junit.runners.ParentRunner.run(ParentRunner.java:363)[m
[31m-	at org.apache.maven.surefire.junit4.JUnit4Provider.execute(JUnit4Provider.java:252)[m
[31m-	at org.apache.maven.surefire.junit4.JUnit4Provider.executeTestSet(JUnit4Provider.java:141)[m
[31m-	at org.apache.maven.surefire.junit4.JUnit4Provider.invoke(JUnit4Provider.java:112)[m
[31m-	at sun.reflect.NativeMethodAccessorImpl.invoke0(Native Method)[m
[31m-	at sun.reflect.NativeMethodAccessorImpl.invoke(NativeMethodAccessorImpl.java:62)[m
[31m-	at sun.reflect.DelegatingMethodAccessorImpl.invoke(DelegatingMethodAccessorImpl.java:43)[m
[31m-	at java.lang.reflect.Method.invoke(Method.java:498)[m
[31m-	at org.apache.maven.surefire.util.ReflectionUtils.invokeMethodWithArray(ReflectionUtils.java:189)[m
[31m-	at org.apache.maven.surefire.booter.ProviderFactory$ProviderProxy.invoke(ProviderFactory.java:165)[m
[31m-	at org.apache.maven.surefire.booter.ProviderFactory.invokeProvider(ProviderFactory.java:85)[m
[31m-	at org.apache.maven.surefire.booter.ForkedBooter.runSuitesInProcess(ForkedBooter.java:115)[m
[31m-	at org.apache.maven.surefire.booter.ForkedBooter.main(ForkedBooter.java:75)[m
[31m-</error>[m
[31m-    <system-err>Jul 01, 2017 8:26:55 AM com.codeborne.selenide.webdriver.WebDriverFactory createFirefoxDriver[m
[31m-INFO: Firefox 48+ is currently not supported by Selenium Firefox driver. Use browser=marionette with geckodriver, when using it.[m
[31m-</system-err>[m
[31m-  </testcase>[m
[32m+[m[32m  <testcase classname="com.FirstTask.app.MvcTest" name="ToggleTest" time="12.327"/>[m
 </testsuite>[m
\ No newline at end of file[m
[1mdiff --git a/target/surefire-reports/com.FirstTask.app.MvcTest.txt b/target/surefire-reports/com.FirstTask.app.MvcTest.txt[m
[1mindex 69aaa49..fa4985d 100644[m
[1m--- a/target/surefire-reports/com.FirstTask.app.MvcTest.txt[m
[1m+++ b/target/surefire-reports/com.FirstTask.app.MvcTest.txt[m
[36m@@ -1,56 +1,4 @@[m
 -------------------------------------------------------------------------------[m
 Test set: com.FirstTask.app.MvcTest[m
 -------------------------------------------------------------------------------[m
[31m-Tests run: 1, Failures: 0, Errors: 1, Skipped: 0, Time elapsed: 0.373 sec <<< FAILURE![m
[31m-ToggleTest(com.FirstTask.app.MvcTest)  Time elapsed: 0.335 sec  <<< ERROR![m
[31m-org.openqa.selenium.WebDriverException: Cannot find firefox binary in PATH. Make sure firefox is installed. OS appears to be: WIN10[m
[31m-Build info: version: '3.4.0', revision: 'unknown', time: 'unknown'[m
[31m-System info: host: 'DESKTOP-OOV79ER', ip: '192.168.0.101', os.name: 'Windows 10', os.arch: 'amd64', os.version: '10.0', java.version: '1.8.0_131'[m
[31m-Driver info: driver.version: FirefoxDriver[m
[31m-selenide.url: http://todomvc.com/examples/emberjs/[m
[31m-selenide.baseUrl: http://localhost:8080[m
[31m-	at org.openqa.selenium.firefox.FirefoxBinary.<init>(FirefoxBinary.java:115)[m
[31m-	at java.util.Optional.orElseGet(Optional.java:267)[m
[31m-	at org.openqa.selenium.firefox.FirefoxDriver.toExecutor(FirefoxDriver.java:200)[m
[31m-	at org.openqa.selenium.firefox.FirefoxDriver.<init>(FirefoxDriver.java:108)[m
[31m-	at org.openqa.selenium.firefox.FirefoxDriver.<init>(FirefoxDriver.java:137)[m
[31m-	at com.codeborne.selenide.webdriver.WebDriverFactory.createFirefoxDriver(WebDriverFactory.java:191)[m
[31m-	at com.codeborne.selenide.webdriver.WebDriverFactory.createWebDriver(WebDriverFactory.java:50)[m
[31m-	at com.codeborne.selenide.impl.WebDriverThreadLocalContainer.createDriver(WebDriverThreadLocalContainer.java:242)[m
[31m-	at com.codeborne.selenide.impl.WebDriverThreadLocalContainer.getAndCheckWebDriver(WebDriverThreadLocalContainer.java:113)[m
[31m-	at com.codeborne.selenide.WebDriverRunner.getAndCheckWebDriver(WebDriverRunner.java:136)[m
[31m-	at com.codeborne.selenide.impl.Navigator.navigateToAbsoluteUrl(Navigator.java:69)[m
[31m-	at com.codeborne.selenide.impl.Navigator.open(Navigator.java:32)[m
[31m-	at com.codeborne.selenide.Selenide.open(Selenide.java:79)[m
[31m-	at com.codeborne.selenide.Selenide.open(Selenide.java:53)[m
[31m-	at com.FirstTask.app.MvcTest.ToggleTest(MvcTest.java:16)[m
[31m-	at sun.reflect.NativeMethodAccessorImpl.invoke0(Native Method)[m
[31m-	at sun.reflect.NativeMethodAccessorImpl.invoke(NativeMethodAccessorImpl.java:62)[m
[31m-	at sun.reflect.DelegatingMethodAccessorImpl.invoke(DelegatingMethodAccessorImpl.java:43)[m
[31m-	at java.lang.reflect.Method.invoke(Method.java:498)[m
[31m-	at org.junit.runners.model.FrameworkMethod$1.runReflectiveCall(FrameworkMethod.java:50)[m
[31m-	at org.junit.internal.runners.model.ReflectiveCallable.run(ReflectiveCallable.java:12)[m
[31m-	at org.junit.runners.model.FrameworkMethod.invokeExplosively(FrameworkMethod.java:47)[m
[31m-	at org.junit.internal.runners.statements.InvokeMethod.evaluate(InvokeMethod.java:17)[m
[31m-	at org.junit.runners.ParentRunner.runLeaf(ParentRunner.java:325)[m
[31m-	at org.junit.runners.BlockJUnit4ClassRunner.runChild(BlockJUnit4ClassRunner.java:78)[m
[31m-	at org.junit.runners.BlockJUnit4ClassRunner.runChild(BlockJUnit4ClassRunner.java:57)[m
[31m-	at org.junit.runners.ParentRunner$3.run(ParentRunner.java:290)[m
[31m-	at org.junit.runners.ParentRunner$1.schedule(ParentRunner.java:71)[m
[31m-	at org.junit.runners.ParentRunner.runChildren(ParentRunner.java:288)[m
[31m-	at org.junit.runners.ParentRunner.access$000(ParentRunner.java:58)[m
[31m-	at org.junit.runners.ParentRunner$2.evaluate(ParentRunner.java:268)[m
[31m-	at org.junit.runners.ParentRunner.run(ParentRunner.java:363)[m
[31m-	at org.apache.maven.surefire.junit4.JUnit4Provider.execute(JUnit4Provider.java:252)[m
[31m-	at org.apache.maven.surefire.junit4.JUnit4Provider.executeTestSet(JUnit4Provider.java:141)[m
[31m-	at org.apache.maven.surefire.junit4.JUnit4Provider.invoke(JUnit4Provider.java:112)[m
[31m-	at sun.reflect.NativeMethodAccessorImpl.invoke0(Native Method)[m
[31m-	at sun.reflect.NativeMethodAccessorImpl.invoke(NativeMethodAccessorImpl.java:62)[m
[31m-	at sun.reflect.DelegatingMethodAccessorImpl.invoke(DelegatingMethodAccessorImpl.java:43)[m
[31m-	at java.lang.reflect.Method.invoke(Method.java:498)[m
[31m-	at org.apache.maven.surefire.util.ReflectionUtils.invokeMethodWithArray(ReflectionUtils.java:189)[m
[31m-	at org.apache.maven.surefire.booter.ProviderFactory$ProviderProxy.invoke(ProviderFactory.java:165)[m
[31m-	at org.apache.maven.surefire.booter.ProviderFactory.invokeProvider(ProviderFactory.java:85)[m
[31m-	at org.apache.maven.surefire.booter.ForkedBooter.runSuitesInProcess(ForkedBooter.java:115)[m
[31m-	at org.apache.maven.surefire.booter.ForkedBooter.main(ForkedBooter.java:75)[m
[31m-[m
[32m+[m[32mTests run: 1, Failures: 0, Errors: 0, Skipped: 0, Time elapsed: 12.4 sec[m
[1mdiff --git a/target/test-classes/com/FirstTask/app/MvcTest.class b/target/test-classes/com/FirstTask/app/MvcTest.class[m
[1mindex f573a62..11b6dc3 100644[m
Binary files a/target/test-classes/com/FirstTask/app/MvcTest.class and b/target/test-classes/com/FirstTask/app/MvcTest.class differ
[1mdiff --git a/target/test-classes/com/FirstTask/app/MvcTest1.class b/target/test-classes/com/FirstTask/app/MvcTest1.class[m
[1mindex 4d3f33d..e2f792c 100644[m
Binary files a/target/test-classes/com/FirstTask/app/MvcTest1.class and b/target/test-classes/com/FirstTask/app/MvcTest1.class differ
